C51 COMPILER V9.60.0.0   DS1302                                                            04/05/2025 13:11:54 PAGE 1   


C51 COMPILER V9.60.0.0, COMPILATION OF MODULE DS1302
OBJECT MODULE PLACED IN .\Objects\ds1302.obj
COMPILER INVOKED BY: C:\Keil_v5\C51\BIN\C51.EXE ds1302.c OPTIMIZE(8,SPEED) BROWSE DEBUG OBJECTEXTEND PRINT(.\Listings\ds
                    -1302.lst) OBJECT(.\Objects\ds1302.obj)

line level    source

   1          /*      #       DS1302ä»£ç ç‰‡æ®µè¯´æ˜
   2                  1.      æœ¬æ–‡ä»¶å¤¹ä¸­æä¾›çš„é©±åŠ¨ä»£ç ä¾›å‚èµ›é€‰æ‰‹å®Œæˆç¨‹åºè®¾è®¡å‚è€ƒã€‚
   3                  2.      å‚èµ›é€‰æ‰‹å¯ä»¥è‡ªè¡Œç¼–å†™ç›¸å…³ä»£ç æˆ–ä»¥è¯¥ä»£ç ä¸ºåŸºç¡€ï¼Œæ ¹æ®æ‰€é€‰å•ç‰‡æœºç±»å‹ã€è¿
             -è¡Œé€Ÿåº¦å’Œè¯•é¢˜
   4                          ä¸­å¯¹å•ç‰‡æœºæ—¶é’Ÿé¢‘ç‡çš„è¦æ±‚ï¼Œè¿›è¡Œä»£ç è°ƒè¯•å’Œä¿®æ”¹ã€‚
   5          */                                                              
   6          #include "ds1302.h"
   7          sbit SCK = P1^7;
   8          sbit SDA = P2^3;
   9          sbit RST = P1^3;
  10          
  11          //
  12          void Write_Ds1302(unsigned  char temp) 
  13          {
  14   1              unsigned char i;
  15   1              for (i=0;i<8;i++)       
  16   1              { 
  17   2                      SCK = 0;
  18   2                      SDA = temp&0x01;
  19   2                      temp>>=1; 
  20   2                      SCK=1;
  21   2              }
  22   1      }   
  23          
  24          //
  25          void Write_Ds1302_Byte( unsigned char address,unsigned char dat )     
  26          {
  27   1              RST=0;  _nop_();
  28   1              SCK=0;  _nop_();
  29   1              RST=1;  _nop_();  
  30   1              Write_Ds1302(address);  
  31   1              Write_Ds1302(dat);              
  32   1              RST=0; 
  33   1      }
  34          
  35          //
  36          unsigned char Read_Ds1302_Byte ( unsigned char address )
  37          {
  38   1              unsigned char i,temp=0x00;
  39   1              RST=0;  _nop_();
  40   1              SCK=0;  _nop_();
  41   1              RST=1;  _nop_();
  42   1              Write_Ds1302(address);
  43   1              for (i=0;i<8;i++)       
  44   1              {               
  45   2                      SCK=0;
  46   2                      temp>>=1;       
  47   2                      if(SDA)
  48   2                      temp|=0x80;     
  49   2                      SCK=1;
  50   2              } 
  51   1              RST=0;  _nop_();
  52   1              SCK=0;  _nop_();
  53   1              SCK=1;  _nop_();
C51 COMPILER V9.60.0.0   DS1302                                                            04/05/2025 13:11:54 PAGE 2   

  54   1              SDA=0;  _nop_();
  55   1              SDA=1;  _nop_();
  56   1              return (temp);                  
  57   1      }
  58          //
  59          
  60          unsigned char xdata time_16[3]={0x23,0x59,0x55};
  61          unsigned char xdata time_10[3]={21,13,55};
  62          void time_16_to_10()
  63          {
  64   1              unsigned char i=0;
  65   1              for(i=0;i<3;i++)
  66   1              {
  67   2                      time_10[i]=time_16[i]/0x10*10+time_16[i]%0x10;
  68   2              }
  69   1      }
  70          
  71          void time_10_to_16()
  72          {
  73   1              unsigned char i=0;
  74   1              for(i=0;i<3;i++)
  75   1              {
  76   2                      time_16[i]=time_10[i]/10*0x10+time_10[i]%10;
  77   2              }
  78   1      }
  79          
  80          void write_ds1302(void)
  81          {
  82   1              time_10_to_16();
  83   1              Write_Ds1302_Byte(0x8e,0x00);
  84   1              
  85   1              Write_Ds1302_Byte(0x80,time_16[2]);
  86   1              Write_Ds1302_Byte(0x82,time_16[1]);
  87   1              Write_Ds1302_Byte(0x84,time_16[0]);
  88   1              
  89   1              Write_Ds1302_Byte(0x8e,0x80);
  90   1      }
  91          
  92          void read_ds1302(void)
  93          {
  94   1              
  95   1              time_16[2]=Read_Ds1302_Byte(0x81);
  96   1              time_16[1]=Read_Ds1302_Byte(0x83);
  97   1              time_16[0]=Read_Ds1302_Byte(0x85);
  98   1              
  99   1              time_16_to_10();
 100   1      
 101   1      }


MODULE INFORMATION:   STATIC OVERLAYABLE
   CODE SIZE        =    299    ----
   CONSTANT SIZE    =   ----    ----
   XDATA SIZE       =      6    ----
   PDATA SIZE       =   ----    ----
   DATA SIZE        =   ----    ----
   IDATA SIZE       =   ----    ----
   BIT SIZE         =   ----    ----
END OF MODULE INFORMATION.


C51 COMPILATION COMPLETE.  0 WARNING(S),  0 ERROR(S)
