C51 COMPILER V9.60.0.0   UART                                                              04/05/2025 13:11:54 PAGE 1   


C51 COMPILER V9.60.0.0, COMPILATION OF MODULE UART
OBJECT MODULE PLACED IN .\Objects\uart.obj
COMPILER INVOKED BY: C:\Keil_v5\C51\BIN\C51.EXE uart.c OPTIMIZE(8,SPEED) BROWSE DEBUG OBJECTEXTEND PRINT(.\Listings\uart
                    -.lst) OBJECT(.\Objects\uart.obj)

line level    source

   1          #include "uart.h"
   2          
   3          void UartInit(void)             //9600bps@12.000MHz
   4          {
   5   1              SCON = 0x50;            //8位数据,可变波特率
   6   1              AUXR |= 0x01;           //串口1选择定时器2为波特率发生器
   7   1              AUXR |= 0x04;           //定时器时钟1T模式
   8   1              T2L = 0xC7;             //设置定时初始值
   9   1              T2H = 0xFE;             //设置定时初始值
  10   1              AUXR |= 0x10;           //定时器2开始计时
  11   1              EA=1;
  12   1              ES=1;
  13   1      }
  14          
  15          bit busy=0;
  16          unsigned char xdata cmd=0;
  17          unsigned char xdata uart_rx_buf[UART_LENGTH]={0};
  18          unsigned char xdata uart_rx_index=0;
  19          
  20          unsigned char xdata uart_tx_buf[UART_LENGTH]={0};
  21          unsigned int xdata uart_proc_flag=0;//串口处理结果标志
  22          unsigned int xdata uart_error_flag=0;//串口错误结果标志
  23          
  24          int xdata position_x=0;
  25          int xdata position_y=0;
  26          int xdata recv_x=0;
  27          int xdata recv_y=0;
  28          void Uart() interrupt 4
  29          {
  30   1              unsigned char buf=0;
  31   1              
  32   1              if(TI)
  33   1              {
  34   2                      TI=0;
  35   2                      busy=0;
  36   2              }
  37   1              
  38   1              if(RI)
  39   1              {
  40   2                      RI=0;
  41   2                      
  42   2                      buf=SBUF;
  43   2                      
  44   2                      uart_rx_buf[uart_rx_index]=buf;
  45   2                      
  46   2                      //proc
  47   2                      //情况一：可变字符串提取不定长数据
  48   2                      //方法一：
  49   2                      //
  50   2                      if(buf==')'&&uart_rx_buf[0]=='(')
  51   2                      {
  52   3                              if(sscanf(uart_rx_buf,"(%d,%d)",&recv_x,&recv_y)==2)
  53   3                              {
  54   4                                      if(recv_x>=0&&recv_x<=999&&recv_y>=0&&recv_y<=999)
C51 COMPILER V9.60.0.0   UART                                                              04/05/2025 13:11:54 PAGE 2   

  55   4                                      {
  56   5                                              position_x=recv_x;
  57   5                                              position_y=recv_y;
  58   5                                              
  59   5                                              uart_proc_flag=1;
  60   5                                      }
  61   4                                      else
  62   4                                      {
  63   5                                              uart_proc_flag=999;
  64   5                                              uart_error_flag=1;
  65   5                                      }
  66   4                              }
  67   3                              else
  68   3                              {
  69   4                                      uart_proc_flag=999;
  70   4                                      uart_error_flag=2;
  71   4                              }
  72   3                              
  73   3                      }
  74   2                      //情况二：单字符串指令，最简单情况
  75   2                      else if(buf=='#')
  76   2                      {
  77   3                              uart_proc_flag=2;
  78   3                      }
  79   2                      //情况三：多字符串格式指令 判断帧头帧尾
  80   2                      else if(uart_rx_buf[uart_rx_index-1]=='\r'&&uart_rx_buf[uart_rx_index]=='\n')
  81   2                      {
  82   3                              
  83   3                              if(strcmp(uart_rx_buf,"pwm\r\n")==0)
  84   3                              {
  85   4                                      uart_proc_flag=3;
  86   4                              }
  87   3                              else
  88   3                              {
  89   4                                      uart_error_flag=3;
  90   4                              }
  91   3                      }
  92   2                      else
  93   2                      {
  94   3      //                      uart_proc_flag=999;
  95   3      //                      uart_error_flag=999;
  96   3                      }
  97   2                      
  98   2                      uart_rx_index++;
  99   2                      if(uart_proc_flag!=0)
 100   2                      {
 101   3                              uart_rx_index=0;
 102   3                              uart_rx_buf[0]=0;
 103   3                      }
 104   2                      
 105   2                      //
 106   2              }
 107   1      }
 108          
 109          void send_data(unsigned char dat)
 110          {
 111   1              while(busy);
 112   1              busy=1;
 113   1              SBUF=dat;
 114   1      }
 115          
 116          void send_string(unsigned char *s)
C51 COMPILER V9.60.0.0   UART                                                              04/05/2025 13:11:54 PAGE 3   

 117          {
 118   1              while(*s)
 119   1              {
 120   2                      send_data(*s++);
 121   2              }
 122   1      }


MODULE INFORMATION:   STATIC OVERLAYABLE
   CODE SIZE        =    452    ----
   CONSTANT SIZE    =     14    ----
   XDATA SIZE       =     74    ----
   PDATA SIZE       =   ----    ----
   DATA SIZE        =   ----       4
   IDATA SIZE       =   ----    ----
   BIT SIZE         =      1    ----
END OF MODULE INFORMATION.


C51 COMPILATION COMPLETE.  0 WARNING(S),  0 ERROR(S)
